Arguments: 
  /opt/node-v6.10.2-linux-x64/bin/node /usr/share/yarn/bin/yarn.js version

PATH: 
  /usr/local/bin:/usr/bin:/bin:/usr/local/games:/usr/games:/opt/sun/bin:/usr/openv/netbackup/bin:/usr/openv/netbackup/bin/admincmd:/usr/openv/netbackup/bin/goodies:/usr/openv/volmgr/bin:/home/ait/bin:/usr/sbin:/usr/local/bin:/usr/local/sbin:/opt/node/bin/:/home/ait/bin/:/opt/bin/:/opt/pycharm/bin/:/home/ait/.npm-global/bin/

Yarn version: 
  1.2.1

Node version: 
  6.10.2

Platform: 
  linux x64

npm manifest: 
  {
    "name": "deadbeef-remote",
    "version": "1.0.0",
    "description": "Deadbeef Remote Control",
    "main": "index.html",
    "author": "Dmitry Sarkisov <ait.meijin@gmail.com>",
    "license": "MIT",
    "private": false,
    "dependencies": {
      "jquery": "^3.2.1",
      "materialize-css": "^0.100.2"
    }
  }

yarn manifest: 
  No manifest

Lockfile: 
  # THIS IS AN AUTOGENERATED FILE. DO NOT EDIT THIS FILE DIRECTLY.
  # yarn lockfile v1
  
  
  hammerjs@^2.0.8:
    version "2.0.8"
    resolved "https://registry.yarnpkg.com/hammerjs/-/hammerjs-2.0.8.tgz#04ef77862cff2bb79d30f7692095930222bf60f1"
  
  "jquery@^3.0.0 || ^2.1.4", jquery@^3.2.1:
    version "3.2.1"
    resolved "https://registry.yarnpkg.com/jquery/-/jquery-3.2.1.tgz#5c4d9de652af6cd0a770154a631bba12b015c787"
  
  materialize-css@^0.100.2:
    version "0.100.2"
    resolved "https://registry.yarnpkg.com/materialize-css/-/materialize-css-0.100.2.tgz#9ca32b24904c9a04491fc7d0a2e9402e7b1dae07"
    dependencies:
      hammerjs "^2.0.8"
      jquery "^3.0.0 || ^2.1.4"

Trace: 
  Error: canceled
      at Interface.<anonymous> (/usr/share/yarn/lib/cli.js:120971:13)
      at emitNone (events.js:86:13)
      at Interface.emit (events.js:185:7)
      at Interface._ttyWrite (readline.js:717:16)
      at ReadStream.onkeypress (readline.js:117:10)
      at emitTwo (events.js:106:13)
      at ReadStream.emit (events.js:191:7)
      at emitKeys (internal/readline.js:389:14)
      at next (native)
      at ReadStream.onData (readline.js:963:36)
